<?xml version="1.0" encoding="UTF-8"?>
<!-- Generated by org.testng.reporters.JUnitReportReporter -->
<testsuite hostname="Ajeet" name="com.projectRAK.testCases.Loginrak" tests="1" failures="0" timestamp="16 Feb 2022 11:36:23 GMT" time="11.148" errors="1">
  <testcase name="login" time="11.148" classname="com.projectRAK.testCases.Loginrak">
    <error type="org.openqa.selenium.SessionNotCreatedException" message="session not created: This version of ChromeDriver only supports Chrome version 96
Current browser version is 98.0.4758.102 with binary path C:\Program Files\Google\Chrome\Application\chrome.exe
Build info: version: &#039;3.141.59&#039;, revision: &#039;e82be7d358&#039;, time: &#039;2018-11-14T08:25:48&#039;
System info: host: &#039;AJEET&#039;, ip: &#039;192.168.1.100&#039;, os.name: &#039;Windows 8.1&#039;, os.arch: &#039;amd64&#039;, os.version: &#039;6.3&#039;, java.version: &#039;1.8.0_281&#039;
Driver info: driver.version: ChromeDriver
remote stacktrace: Backtrace:
	Ordinal0 [0x01346903+2517251]
	Ordinal0 [0x012DF8E1+2095329]
	Ordinal0 [0x011E2848+1058888]
	Ordinal0 [0x01200B9D+1182621]
	Ordinal0 [0x011FCA60+1165920]
	Ordinal0 [0x011FA2CF+1155791]
	Ordinal0 [0x0122AAAF+1354415]
	Ordinal0 [0x0122A71A+1353498]
	Ordinal0 [0x0122639B+1336219]
	Ordinal0 [0x012027A7+1189799]
	Ordinal0 [0x01203609+1193481]
	GetHandleVerifier [0x014D5904+1577972]
	GetHandleVerifier [0x01580B97+2279047]
	GetHandleVerifier [0x013D6D09+534521]
	GetHandleVerifier [0x013D5DB9+530601]
	Ordinal0 [0x012E4FF9+2117625]
	Ordinal0 [0x012E98A8+2136232]
	Ordinal0 [0x012E99E2+2136546]
	Ordinal0 [0x012F3541+2176321]
	BaseThreadInitThunk [0x77176A14+36]
	RtlInitializeExceptionChain [0x77CDA9EF+143]
	RtlInitializeExceptionChain [0x77CDA9BA+90]
">
      <![CDATA[org.openqa.selenium.SessionNotCreatedException: session not created: This version of ChromeDriver only supports Chrome version 96
Current browser version is 98.0.4758.102 with binary path C:\Program Files\Google\Chrome\Application\chrome.exe
Build info: version: '3.141.59', revision: 'e82be7d358', time: '2018-11-14T08:25:48'
System info: host: 'AJEET', ip: '192.168.1.100', os.name: 'Windows 8.1', os.arch: 'amd64', os.version: '6.3', java.version: '1.8.0_281'
Driver info: driver.version: ChromeDriver
remote stacktrace: Backtrace:
	Ordinal0 [0x01346903+2517251]
	Ordinal0 [0x012DF8E1+2095329]
	Ordinal0 [0x011E2848+1058888]
	Ordinal0 [0x01200B9D+1182621]
	Ordinal0 [0x011FCA60+1165920]
	Ordinal0 [0x011FA2CF+1155791]
	Ordinal0 [0x0122AAAF+1354415]
	Ordinal0 [0x0122A71A+1353498]
	Ordinal0 [0x0122639B+1336219]
	Ordinal0 [0x012027A7+1189799]
	Ordinal0 [0x01203609+1193481]
	GetHandleVerifier [0x014D5904+1577972]
	GetHandleVerifier [0x01580B97+2279047]
	GetHandleVerifier [0x013D6D09+534521]
	GetHandleVerifier [0x013D5DB9+530601]
	Ordinal0 [0x012E4FF9+2117625]
	Ordinal0 [0x012E98A8+2136232]
	Ordinal0 [0x012E99E2+2136546]
	Ordinal0 [0x012F3541+2176321]
	BaseThreadInitThunk [0x77176A14+36]
	RtlInitializeExceptionChain [0x77CDA9EF+143]
	RtlInitializeExceptionChain [0x77CDA9BA+90]

	at sun.reflect.NativeConstructorAccessorImpl.newInstance0(Native Method)
	at sun.reflect.NativeConstructorAccessorImpl.newInstance(Unknown Source)
	at sun.reflect.DelegatingConstructorAccessorImpl.newInstance(Unknown Source)
	at java.lang.reflect.Constructor.newInstance(Unknown Source)
	at org.openqa.selenium.remote.W3CHandshakeResponse.lambda$errorHandler$0(W3CHandshakeResponse.java:62)
	at org.openqa.selenium.remote.HandshakeResponse.lambda$getResponseFunction$0(HandshakeResponse.java:30)
	at org.openqa.selenium.remote.ProtocolHandshake.lambda$createSession$0(ProtocolHandshake.java:126)
	at java.util.stream.ReferencePipeline$3$1.accept(Unknown Source)
	at java.util.Spliterators$ArraySpliterator.tryAdvance(Unknown Source)
	at java.util.stream.ReferencePipeline.forEachWithCancel(Unknown Source)
	at java.util.stream.AbstractPipeline.copyIntoWithCancel(Unknown Source)
	at java.util.stream.AbstractPipeline.copyInto(Unknown Source)
	at java.util.stream.AbstractPipeline.wrapAndCopyInto(Unknown Source)
	at java.util.stream.FindOps$FindOp.evaluateSequential(Unknown Source)
	at java.util.stream.AbstractPipeline.evaluate(Unknown Source)
	at java.util.stream.ReferencePipeline.findFirst(Unknown Source)
	at org.openqa.selenium.remote.ProtocolHandshake.createSession(ProtocolHandshake.java:128)
	at org.openqa.selenium.remote.ProtocolHandshake.createSession(ProtocolHandshake.java:74)
	at org.openqa.selenium.remote.HttpCommandExecutor.execute(HttpCommandExecutor.java:136)
	at org.openqa.selenium.remote.service.DriverCommandExecutor.execute(DriverCommandExecutor.java:83)
	at org.openqa.selenium.remote.RemoteWebDriver.execute(RemoteWebDriver.java:552)
	at org.openqa.selenium.remote.RemoteWebDriver.startSession(RemoteWebDriver.java:213)
	at org.openqa.selenium.remote.RemoteWebDriver.<init>(RemoteWebDriver.java:131)
	at org.openqa.selenium.chrome.ChromeDriver.<init>(ChromeDriver.java:181)
	at org.openqa.selenium.chrome.ChromeDriver.<init>(ChromeDriver.java:168)
	at org.openqa.selenium.chrome.ChromeDriver.<init>(ChromeDriver.java:123)
	at com.projectRAK.testCases.Loginrak.login(Loginrak.java:17)
	at sun.reflect.NativeMethodAccessorImpl.invoke0(Native Method)
	at sun.reflect.NativeMethodAccessorImpl.invoke(Unknown Source)
	at sun.reflect.DelegatingMethodAccessorImpl.invoke(Unknown Source)
	at java.lang.reflect.Method.invoke(Unknown Source)
	at org.testng.internal.MethodInvocationHelper.invokeMethod(MethodInvocationHelper.java:85)
	at org.testng.internal.Invoker.invokeMethod(Invoker.java:663)
	at org.testng.internal.Invoker.invokeTestMethod(Invoker.java:849)
	at org.testng.internal.Invoker.invokeTestMethods(Invoker.java:1157)
	at org.testng.internal.TestMethodWorker.invokeTestMethods(TestMethodWorker.java:124)
	at org.testng.internal.TestMethodWorker.run(TestMethodWorker.java:108)
	at org.testng.TestRunner.privateRun(TestRunner.java:771)
	at org.testng.TestRunner.run(TestRunner.java:621)
	at org.testng.SuiteRunner.runTest(SuiteRunner.java:357)
	at org.testng.SuiteRunner.runSequentially(SuiteRunner.java:352)
	at org.testng.SuiteRunner.privateRun(SuiteRunner.java:310)
	at org.testng.SuiteRunner.run(SuiteRunner.java:259)
	at org.testng.SuiteRunnerWorker.runSuite(SuiteRunnerWorker.java:52)
	at org.testng.SuiteRunnerWorker.run(SuiteRunnerWorker.java:86)
	at org.testng.TestNG.runSuitesSequentially(TestNG.java:1200)
	at org.testng.TestNG.runSuitesLocally(TestNG.java:1125)
	at org.testng.TestNG.run(TestNG.java:1033)
	at org.testng.remote.RemoteTestNG.run(RemoteTestNG.java:111)
	at org.testng.remote.RemoteTestNG.initAndRun(RemoteTestNG.java:204)
	at org.testng.remote.RemoteTestNG.main(RemoteTestNG.java:175)
]]>
    </error>
  </testcase> <!-- login -->
</testsuite> <!-- com.projectRAK.testCases.Loginrak -->
