<?xml version="1.0" encoding="UTF-8"?>
<!-- Generated by org.testng.reporters.JUnitXMLReporter -->
<testsuite hostname="Ajeet" ignored="0" name="RAK TRACK Test" tests="7" failures="7" timestamp="16 Feb 2022 11:09:13 GMT" time="155.475" errors="0">
  <testcase name="loginDDT" time="13.568" classname="com.projectRAK.testCases.TC_LoginDDT_002">
    <failure type="java.lang.AssertionError" message="expected [true] but found [false]">
      <![CDATA[java.lang.AssertionError: expected [true] but found [false]
at com.projectRAK.testCases.TC_LoginDDT_002.loginDDT(TC_LoginDDT_002.java:31)
... Removed 33 stack frames]]>
    </failure>
  </testcase> <!-- loginDDT -->
  <testcase name="loginDDT" time="16.639" classname="com.projectRAK.testCases.TC_LoginDDT_002">
    <failure type="java.lang.AssertionError" message="expected [true] but found [false]">
      <![CDATA[java.lang.AssertionError: expected [true] but found [false]
at com.projectRAK.testCases.TC_LoginDDT_002.loginDDT(TC_LoginDDT_002.java:31)
... Removed 33 stack frames]]>
    </failure>
  </testcase> <!-- loginDDT -->
  <testcase name="loginDDT" time="18.677" classname="com.projectRAK.testCases.TC_LoginDDT_002">
    <failure type="java.lang.AssertionError" message="expected [true] but found [false]">
      <![CDATA[java.lang.AssertionError: expected [true] but found [false]
at com.projectRAK.testCases.TC_LoginDDT_002.loginDDT(TC_LoginDDT_002.java:31)
... Removed 33 stack frames]]>
    </failure>
  </testcase> <!-- loginDDT -->
  <testcase name="loginDDT" time="17.041" classname="com.projectRAK.testCases.TC_LoginDDT_002">
    <failure type="java.lang.AssertionError" message="expected [true] but found [false]">
      <![CDATA[java.lang.AssertionError: expected [true] but found [false]
at com.projectRAK.testCases.TC_LoginDDT_002.loginDDT(TC_LoginDDT_002.java:31)
... Removed 33 stack frames]]>
    </failure>
  </testcase> <!-- loginDDT -->
  <testcase name="loginDDT" time="15.631" classname="com.projectRAK.testCases.TC_LoginDDT_002">
    <failure type="java.lang.AssertionError" message="expected [true] but found [false]">
      <![CDATA[java.lang.AssertionError: expected [true] but found [false]
at com.projectRAK.testCases.TC_LoginDDT_002.loginDDT(TC_LoginDDT_002.java:31)
... Removed 33 stack frames]]>
    </failure>
  </testcase> <!-- loginDDT -->
  <testcase name="loginDDT" time="29.587" classname="com.projectRAK.testCases.TC_LoginDDT_002">
    <failure type="java.lang.AssertionError" message="expected [true] but found [false]">
      <![CDATA[java.lang.AssertionError: expected [true] but found [false]
at com.projectRAK.testCases.TC_LoginDDT_002.loginDDT(TC_LoginDDT_002.java:31)
... Removed 33 stack frames]]>
    </failure>
  </testcase> <!-- loginDDT -->
  <testcase name="login" time="6.538" classname="com.projectRAK.testCases.Loginrak">
    <failure type="org.openqa.selenium.SessionNotCreatedException" message="session not created: This version of ChromeDriver only supports Chrome version 96
Current browser version is 98.0.4758.102 with binary path C:\Program Files\Google\Chrome\Application\chrome.exe
Build info: version: &amp;apos;3.14.0&amp;apos;, revision: &amp;apos;aacccce0&amp;apos;, time: &amp;apos;2018-08-02T20:19:58.91Z&amp;apos;
System info: host: &amp;apos;AJEET&amp;apos;, ip: &amp;apos;192.168.1.100&amp;apos;, os.name: &amp;apos;Windows 8.1&amp;apos;, os.arch: &amp;apos;amd64&amp;apos;, os.version: &amp;apos;6.3&amp;apos;, java.version: &amp;apos;1.8.0_281&amp;apos;
Driver info: driver.version: ChromeDriver
remote stacktrace: Backtrace:
	Ordinal0 [0x01346903+2517251]
	Ordinal0 [0x012DF8E1+2095329]
	Ordinal0 [0x011E2848+1058888]
	Ordinal0 [0x01200B9D+1182621]
	Ordinal0 [0x011FCA60+1165920]
	Ordinal0 [0x011FA2CF+1155791]
	Ordinal0 [0x0122AAAF+1354415]
	Ordinal0 [0x0122A71A+1353498]
	Ordinal0 [0x0122639B+1336219]
	Ordinal0 [0x012027A7+1189799]
	Ordinal0 [0x01203609+1193481]
	GetHandleVerifier [0x014D5904+1577972]
	GetHandleVerifier [0x01580B97+2279047]
	GetHandleVerifier [0x013D6D09+534521]
	GetHandleVerifier [0x013D5DB9+530601]
	Ordinal0 [0x012E4FF9+2117625]
	Ordinal0 [0x012E98A8+2136232]
	Ordinal0 [0x012E99E2+2136546]
	Ordinal0 [0x012F3541+2176321]
	BaseThreadInitThunk [0x77176A14+36]
	RtlInitializeExceptionChain [0x77CDA9EF+143]
	RtlInitializeExceptionChain [0x77CDA9BA+90]
">
      <![CDATA[org.openqa.selenium.SessionNotCreatedException: session not created: This version of ChromeDriver only supports Chrome version 96
Current browser version is 98.0.4758.102 with binary path C:\Program Files\Google\Chrome\Application\chrome.exe
Build info: version: '3.14.0', revision: 'aacccce0', time: '2018-08-02T20:19:58.91Z'
System info: host: 'AJEET', ip: '192.168.1.100', os.name: 'Windows 8.1', os.arch: 'amd64', os.version: '6.3', java.version: '1.8.0_281'
Driver info: driver.version: ChromeDriver
remote stacktrace: Backtrace:
Ordinal0 [0x01346903+2517251]
Ordinal0 [0x012DF8E1+2095329]
Ordinal0 [0x011E2848+1058888]
Ordinal0 [0x01200B9D+1182621]
Ordinal0 [0x011FCA60+1165920]
Ordinal0 [0x011FA2CF+1155791]
Ordinal0 [0x0122AAAF+1354415]
Ordinal0 [0x0122A71A+1353498]
Ordinal0 [0x0122639B+1336219]
Ordinal0 [0x012027A7+1189799]
Ordinal0 [0x01203609+1193481]
GetHandleVerifier [0x014D5904+1577972]
GetHandleVerifier [0x01580B97+2279047]
GetHandleVerifier [0x013D6D09+534521]
GetHandleVerifier [0x013D5DB9+530601]
Ordinal0 [0x012E4FF9+2117625]
Ordinal0 [0x012E98A8+2136232]
Ordinal0 [0x012E99E2+2136546]
Ordinal0 [0x012F3541+2176321]
BaseThreadInitThunk [0x77176A14+36]
RtlInitializeExceptionChain [0x77CDA9EF+143]
RtlInitializeExceptionChain [0x77CDA9BA+90]

at org.openqa.selenium.remote.W3CHandshakeResponse.lambda$new$0(W3CHandshakeResponse.java:57)
at org.openqa.selenium.remote.W3CHandshakeResponse.lambda$getResponseFunction$2(W3CHandshakeResponse.java:104)
at org.openqa.selenium.remote.ProtocolHandshake.lambda$createSession$0(ProtocolHandshake.java:122)
at java.util.stream.ReferencePipeline$3$1.accept(Unknown Source)
at java.util.Spliterators$ArraySpliterator.tryAdvance(Unknown Source)
at java.util.stream.ReferencePipeline.forEachWithCancel(Unknown Source)
at java.util.stream.AbstractPipeline.copyIntoWithCancel(Unknown Source)
at java.util.stream.AbstractPipeline.copyInto(Unknown Source)
at java.util.stream.AbstractPipeline.wrapAndCopyInto(Unknown Source)
at java.util.stream.FindOps$FindOp.evaluateSequential(Unknown Source)
at java.util.stream.AbstractPipeline.evaluate(Unknown Source)
at java.util.stream.ReferencePipeline.findFirst(Unknown Source)
at org.openqa.selenium.remote.ProtocolHandshake.createSession(ProtocolHandshake.java:125)
at org.openqa.selenium.remote.ProtocolHandshake.createSession(ProtocolHandshake.java:73)
at org.openqa.selenium.remote.HttpCommandExecutor.execute(HttpCommandExecutor.java:136)
at org.openqa.selenium.remote.service.DriverCommandExecutor.execute(DriverCommandExecutor.java:83)
at org.openqa.selenium.remote.RemoteWebDriver.execute(RemoteWebDriver.java:548)
at org.openqa.selenium.remote.RemoteWebDriver.startSession(RemoteWebDriver.java:212)
at org.openqa.selenium.remote.RemoteWebDriver.<init>(RemoteWebDriver.java:130)
at org.openqa.selenium.chrome.ChromeDriver.<init>(ChromeDriver.java:181)
at org.openqa.selenium.chrome.ChromeDriver.<init>(ChromeDriver.java:168)
at org.openqa.selenium.chrome.ChromeDriver.<init>(ChromeDriver.java:123)
at com.projectRAK.testCases.Loginrak.login(Loginrak.java:17)
... Removed 33 stack frames]]>
    </failure>
  </testcase> <!-- login -->
</testsuite> <!-- RAK TRACK Test -->
